# JRE version: Java(TM) SE Runtime Environment (18.0.1.1+2) (build 18.0.1.1+2-6)
# Java VM: Java HotSpot(TM) 64-Bit Server VM (18.0.1.1+2-6, mixed mode, sharing, tiered, compressed oops, compressed class ptrs, g1 gc, windows-amd64)
GC Precious Log:
 CardTable entry size: 512
 Card Set container configuration: InlinePtr #cards 5 size 8 Array Of Cards #cards 12 size 40 Howl #buckets 4 coarsen threshold 1843 Howl Bitmap #cards 512 size 80 coarsen threshold 460 Card regions per heap region 1 cards per card region 2048
 CPUs: 12 total, 12 available
 Memory: 8123M
 Large Page Support: Disabled
 NUMA Support: Disabled
 Compressed Oops: Enabled (32-bit)
 Heap Region Size: 1M
 Heap Min Capacity: 8M
 Heap Initial Capacity: 128M
 Heap Max Capacity: 2032M
 Pre-touch: Disabled
 Parallel Workers: 10
 Concurrent Workers: 3
 Concurrent Refinement Workers: 10
 Periodic GC: Disabled
Heap:
 garbage-first heap   total 512000K, used 380120K [0x0000000081000000, 0x0000000100000000)
  region size 1024K, 221 young (226304K), 4 survivors (4096K)
 Metaspace       used 73928K, committed 75392K, reserved 1114112K
  class space    used 9921K, committed 10560K, reserved 1048576K
GC Heap History (20 events):
Event: 6.491 GC heap before
{Heap before GC invocations=18 (full 0):
 garbage-first heap   total 256000K, used 213040K [0x0000000081000000, 0x0000000100000000)
  region size 1024K, 126 young (129024K), 7 survivors (7168K)
 Metaspace       used 33560K, committed 34496K, reserved 1114112K
  class space    used 4070K, committed 4480K, reserved 1048576K
}
Event: 6.502 GC heap after
{Heap after GC invocations=19 (full 0):
 garbage-first heap   total 256000K, used 93679K [0x0000000081000000, 0x0000000100000000)
  region size 1024K, 9 young (9216K), 9 survivors (9216K)
 Metaspace       used 33560K, committed 34496K, reserved 1114112K
  class space    used 4070K, committed 4480K, reserved 1048576K
}
Event: 7.615 GC heap before
{Heap before GC invocations=19 (full 0):
 garbage-first heap   total 256000K, used 215535K [0x0000000081000000, 0x0000000100000000)
  region size 1024K, 128 young (131072K), 9 survivors (9216K)
 Metaspace       used 36561K, committed 37696K, reserved 1114112K
  class space    used 4371K, committed 4928K, reserved 1048576K
}
Event: 7.623 GC heap after
{Heap after GC invocations=20 (full 0):
 garbage-first heap   total 256000K, used 96407K [0x0000000081000000, 0x0000000100000000)
  region size 1024K, 11 young (11264K), 11 survivors (11264K)
 Metaspace       used 36561K, committed 37696K, reserved 1114112K
  class space    used 4371K, committed 4928K, reserved 1048576K
}
Event: 8.950 GC heap before
{Heap before GC invocations=20 (full 0):
 garbage-first heap   total 256000K, used 216215K [0x0000000081000000, 0x0000000100000000)
  region size 1024K, 128 young (131072K), 11 survivors (11264K)
 Metaspace       used 43478K, committed 44736K, reserved 1114112K
  class space    used 5364K, committed 5952K, reserved 1048576K
}
Event: 8.966 GC heap after
{Heap after GC invocations=21 (full 0):
 garbage-first heap   total 256000K, used 103079K [0x0000000081000000, 0x0000000100000000)
  region size 1024K, 15 young (15360K), 15 survivors (15360K)
 Metaspace       used 43478K, committed 44736K, reserved 1114112K
  class space    used 5364K, committed 5952K, reserved 1048576K
}
Event: 9.345 GC heap before
{Heap before GC invocations=21 (full 0):
 garbage-first heap   total 256000K, used 195239K [0x0000000081000000, 0x0000000100000000)
  region size 1024K, 106 young (108544K), 15 survivors (15360K)
 Metaspace       used 45350K, committed 46528K, reserved 1114112K
  class space    used 5640K, committed 6208K, reserved 1048576K
}
Event: 9.370 GC heap after
{Heap after GC invocations=22 (full 0):
 garbage-first heap   total 256000K, used 112300K [0x0000000081000000, 0x0000000100000000)
  region size 1024K, 16 young (16384K), 16 survivors (16384K)
 Metaspace       used 45350K, committed 46528K, reserved 1114112K
  class space    used 5640K, committed 6208K, reserved 1048576K
}
Event: 9.741 GC heap before
{Heap before GC invocations=23 (full 0):
 garbage-first heap   total 256000K, used 210604K [0x0000000081000000, 0x0000000100000000)
  region size 1024K, 112 young (114688K), 16 survivors (16384K)
 Metaspace       used 45909K, committed 47168K, reserved 1114112K
  class space    used 5720K, committed 6336K, reserved 1048576K
}
Event: 9.769 GC heap after
{Heap after GC invocations=24 (full 0):
 garbage-first heap   total 256000K, used 125903K [0x0000000081000000, 0x0000000100000000)
  region size 1024K, 13 young (13312K), 13 survivors (13312K)
 Metaspace       used 45909K, committed 47168K, reserved 1114112K
  class space    used 5720K, committed 6336K, reserved 1048576K
}
Event: 9.953 GC heap before
{Heap before GC invocations=24 (full 0):
 garbage-first heap   total 256000K, used 209871K [0x0000000081000000, 0x0000000100000000)
  region size 1024K, 95 young (97280K), 13 survivors (13312K)
 Metaspace       used 46279K, committed 47488K, reserved 1114112K
  class space    used 5755K, committed 6336K, reserved 1048576K
}
Event: 9.970 GC heap after
{Heap after GC invocations=25 (full 0):
 garbage-first heap   total 256000K, used 134388K [0x0000000081000000, 0x0000000100000000)
  region size 1024K, 9 young (9216K), 9 survivors (9216K)
 Metaspace       used 46279K, committed 47488K, reserved 1114112K
  class space    used 5755K, committed 6336K, reserved 1048576K
}
Event: 10.271 GC heap before
{Heap before GC invocations=25 (full 0):
 garbage-first heap   total 256000K, used 210164K [0x0000000081000000, 0x0000000100000000)
  region size 1024K, 83 young (84992K), 9 survivors (9216K)
 Metaspace       used 47887K, committed 49088K, reserved 1114112K
  class space    used 6027K, committed 6592K, reserved 1048576K
}
Event: 10.289 GC heap after
{Heap after GC invocations=26 (full 0):
 garbage-first heap   total 256000K, used 141312K [0x0000000081000000, 0x0000000100000000)
  region size 1024K, 7 young (7168K), 7 survivors (7168K)
 Metaspace       used 47887K, committed 49088K, reserved 1114112K
  class space    used 6027K, committed 6592K, reserved 1048576K
}
Event: 11.022 GC heap before
{Heap before GC invocations=27 (full 0):
 garbage-first heap   total 256000K, used 214016K [0x0000000081000000, 0x0000000100000000)
  region size 1024K, 76 young (77824K), 7 survivors (7168K)
 Metaspace       used 52057K, committed 53248K, reserved 1114112K
  class space    used 6549K, committed 7104K, reserved 1048576K
}
Event: 11.038 GC heap after
{Heap after GC invocations=28 (full 0):
 garbage-first heap   total 256000K, used 156227K [0x0000000081000000, 0x0000000100000000)
  region size 1024K, 10 young (10240K), 10 survivors (10240K)
 Metaspace       used 52057K, committed 53248K, reserved 1114112K
  class space    used 6549K, committed 7104K, reserved 1048576K
}
Event: 11.056 GC heap before
{Heap before GC invocations=28 (full 0):
 garbage-first heap   total 256000K, used 158275K [0x0000000081000000, 0x0000000100000000)
  region size 1024K, 12 young (12288K), 10 survivors (10240K)
 Metaspace       used 52108K, committed 53376K, reserved 1114112K
  class space    used 6558K, committed 7168K, reserved 1048576K
}
Event: 11.062 GC heap after
{Heap after GC invocations=29 (full 0):
 garbage-first heap   total 256000K, used 158314K [0x0000000081000000, 0x0000000100000000)
  region size 1024K, 2 young (2048K), 2 survivors (2048K)
 Metaspace       used 52108K, committed 53376K, reserved 1114112K
  class space    used 6558K, committed 7168K, reserved 1048576K
}
Event: 11.325 GC heap before
{Heap before GC invocations=29 (full 0):
 garbage-first heap   total 256000K, used 205418K [0x0000000081000000, 0x0000000100000000)
  region size 1024K, 49 young (50176K), 2 survivors (2048K)
 Metaspace       used 54730K, committed 56064K, reserved 1114112K
  class space    used 7070K, committed 7680K, reserved 1048576K
}
Event: 11.331 GC heap after
{Heap after GC invocations=30 (full 0):
 garbage-first heap   total 512000K, used 159960K [0x0000000081000000, 0x0000000100000000)
  region size 1024K, 4 young (4096K), 4 survivors (4096K)
 Metaspace       used 54730K, committed 56064K, reserved 1114112K
  class space    used 7070K, committed 7680K, reserved 1048576K
}

