# JRE version: Java(TM) SE Runtime Environment (18.0.1.1+2) (build 18.0.1.1+2-6)
# Java VM: Java HotSpot(TM) 64-Bit Server VM (18.0.1.1+2-6, mixed mode, sharing, tiered, compressed oops, compressed class ptrs, g1 gc, windows-amd64)
GC Precious Log:
 CardTable entry size: 512
 Card Set container configuration: InlinePtr #cards 5 size 8 Array Of Cards #cards 12 size 40 Howl #buckets 4 coarsen threshold 1843 Howl Bitmap #cards 512 size 80 coarsen threshold 460 Card regions per heap region 1 cards per card region 2048
 CPUs: 12 total, 12 available
 Memory: 8123M
 Large Page Support: Disabled
 NUMA Support: Disabled
 Compressed Oops: Enabled (32-bit)
 Heap Region Size: 1M
 Heap Min Capacity: 8M
 Heap Initial Capacity: 128M
 Heap Max Capacity: 2032M
 Pre-touch: Disabled
 Parallel Workers: 10
 Concurrent Workers: 3
 Concurrent Refinement Workers: 10
 Periodic GC: Disabled
Heap:
 garbage-first heap   total 375808K, used 197780K [0x0000000081000000, 0x0000000100000000)
  region size 1024K, 27 young (27648K), 2 survivors (2048K)
 Metaspace       used 74024K, committed 75456K, reserved 1114112K
  class space    used 9939K, committed 10560K, reserved 1048576K
GC Heap History (20 events):
Event: 5.962 GC heap before
{Heap before GC invocations=15 (full 0):
 garbage-first heap   total 452608K, used 313181K [0x0000000081000000, 0x0000000100000000)
  region size 1024K, 226 young (231424K), 6 survivors (6144K)
 Metaspace       used 30114K, committed 31040K, reserved 1114112K
  class space    used 3625K, committed 4032K, reserved 1048576K
}
Event: 5.968 GC heap after
{Heap after GC invocations=16 (full 0):
 garbage-first heap   total 452608K, used 89345K [0x0000000081000000, 0x0000000100000000)
  region size 1024K, 7 young (7168K), 7 survivors (7168K)
 Metaspace       used 30114K, committed 31040K, reserved 1114112K
  class space    used 3625K, committed 4032K, reserved 1048576K
}
Event: 6.999 GC heap before
{Heap before GC invocations=16 (full 0):
 garbage-first heap   total 452608K, used 367873K [0x0000000081000000, 0x0000000100000000)
  region size 1024K, 265 young (271360K), 7 survivors (7168K)
 Metaspace       used 33669K, committed 34688K, reserved 1114112K
  class space    used 4079K, committed 4544K, reserved 1048576K
}
Event: 7.008 GC heap after
{Heap after GC invocations=17 (full 0):
 garbage-first heap   total 452608K, used 105416K [0x0000000081000000, 0x0000000100000000)
  region size 1024K, 12 young (12288K), 12 survivors (12288K)
 Metaspace       used 33669K, committed 34688K, reserved 1114112K
  class space    used 4079K, committed 4544K, reserved 1048576K
}
Event: 7.469 GC heap before
{Heap before GC invocations=17 (full 0):
 garbage-first heap   total 452608K, used 219080K [0x0000000081000000, 0x0000000100000000)
  region size 1024K, 125 young (128000K), 12 survivors (12288K)
 Metaspace       used 35224K, committed 36288K, reserved 1114112K
  class space    used 4232K, committed 4736K, reserved 1048576K
}
Event: 7.477 GC heap after
{Heap after GC invocations=18 (full 0):
 garbage-first heap   total 452608K, used 107694K [0x0000000081000000, 0x0000000100000000)
  region size 1024K, 14 young (14336K), 14 survivors (14336K)
 Metaspace       used 35224K, committed 36288K, reserved 1114112K
  class space    used 4232K, committed 4736K, reserved 1048576K
}
Event: 8.965 GC heap before
{Heap before GC invocations=19 (full 0):
 garbage-first heap   total 375808K, used 317614K [0x0000000081000000, 0x0000000100000000)
  region size 1024K, 220 young (225280K), 14 survivors (14336K)
 Metaspace       used 44945K, committed 46208K, reserved 1114112K
  class space    used 5568K, committed 6144K, reserved 1048576K
}
Event: 8.986 GC heap after
{Heap after GC invocations=20 (full 0):
 garbage-first heap   total 375808K, used 122964K [0x0000000081000000, 0x0000000100000000)
  region size 1024K, 28 young (28672K), 28 survivors (28672K)
 Metaspace       used 44945K, committed 46208K, reserved 1114112K
  class space    used 5568K, committed 6144K, reserved 1048576K
}
Event: 8.995 GC heap before
{Heap before GC invocations=20 (full 0):
 garbage-first heap   total 375808K, used 123988K [0x0000000081000000, 0x0000000100000000)
  region size 1024K, 29 young (29696K), 28 survivors (28672K)
 Metaspace       used 45079K, committed 46336K, reserved 1114112K
  class space    used 5611K, committed 6208K, reserved 1048576K
}
Event: 9.014 GC heap after
{Heap after GC invocations=21 (full 0):
 garbage-first heap   total 375808K, used 123350K [0x0000000081000000, 0x0000000100000000)
  region size 1024K, 4 young (4096K), 4 survivors (4096K)
 Metaspace       used 45079K, committed 46336K, reserved 1114112K
  class space    used 5611K, committed 6208K, reserved 1048576K
}
Event: 9.528 GC heap before
{Heap before GC invocations=21 (full 0):
 garbage-first heap   total 375808K, used 309718K [0x0000000081000000, 0x0000000100000000)
  region size 1024K, 186 young (190464K), 4 survivors (4096K)
 Metaspace       used 46223K, committed 47488K, reserved 1114112K
  class space    used 5751K, committed 6336K, reserved 1048576K
}
Event: 9.545 GC heap after
{Heap after GC invocations=22 (full 0):
 garbage-first heap   total 375808K, used 139734K [0x0000000081000000, 0x0000000100000000)
  region size 1024K, 20 young (20480K), 20 survivors (20480K)
 Metaspace       used 46223K, committed 47488K, reserved 1114112K
  class space    used 5751K, committed 6336K, reserved 1048576K
}
Event: 10.481 GC heap before
{Heap before GC invocations=22 (full 0):
 garbage-first heap   total 375808K, used 304598K [0x0000000081000000, 0x0000000100000000)
  region size 1024K, 179 young (183296K), 20 survivors (20480K)
 Metaspace       used 52480K, committed 53760K, reserved 1114112K
  class space    used 6598K, committed 7168K, reserved 1048576K
}
Event: 10.507 GC heap after
{Heap after GC invocations=23 (full 0):
 garbage-first heap   total 375808K, used 163218K [0x0000000081000000, 0x0000000100000000)
  region size 1024K, 23 young (23552K), 23 survivors (23552K)
 Metaspace       used 52480K, committed 53760K, reserved 1114112K
  class space    used 6598K, committed 7168K, reserved 1048576K
}
Event: 11.318 GC heap before
{Heap before GC invocations=23 (full 0):
 garbage-first heap   total 375808K, used 267666K [0x0000000081000000, 0x0000000100000000)
  region size 1024K, 127 young (130048K), 23 survivors (23552K)
 Metaspace       used 59900K, committed 61120K, reserved 1114112K
  class space    used 7973K, committed 8512K, reserved 1048576K
}
Event: 11.333 GC heap after
{Heap after GC invocations=24 (full 0):
 garbage-first heap   total 375808K, used 170008K [0x0000000081000000, 0x0000000100000000)
  region size 1024K, 6 young (6144K), 6 survivors (6144K)
 Metaspace       used 59900K, committed 61120K, reserved 1114112K
  class space    used 7973K, committed 8512K, reserved 1048576K
}
Event: 12.694 GC heap before
{Heap before GC invocations=25 (full 0):
 garbage-first heap   total 375808K, used 301080K [0x0000000081000000, 0x0000000100000000)
  region size 1024K, 134 young (137216K), 6 survivors (6144K)
 Metaspace       used 72095K, committed 73472K, reserved 1114112K
  class space    used 9642K, committed 10240K, reserved 1048576K
}
Event: 12.703 GC heap after
{Heap after GC invocations=26 (full 0):
 garbage-first heap   total 375808K, used 174953K [0x0000000081000000, 0x0000000100000000)
  region size 1024K, 11 young (11264K), 11 survivors (11264K)
 Metaspace       used 72095K, committed 73472K, reserved 1114112K
  class space    used 9642K, committed 10240K, reserved 1048576K
}
Event: 12.760 GC heap before
{Heap before GC invocations=26 (full 0):
 garbage-first heap   total 375808K, used 182121K [0x0000000081000000, 0x0000000100000000)
  region size 1024K, 18 young (18432K), 11 survivors (11264K)
 Metaspace       used 72547K, committed 73920K, reserved 1114112K
  class space    used 9701K, committed 10304K, reserved 1048576K
}
Event: 12.769 GC heap after
{Heap after GC invocations=27 (full 0):
 garbage-first heap   total 375808K, used 174228K [0x0000000081000000, 0x0000000100000000)
  region size 1024K, 2 young (2048K), 2 survivors (2048K)
 Metaspace       used 72547K, committed 73920K, reserved 1114112K
  class space    used 9701K, committed 10304K, reserved 1048576K
}

